<?xml version="1.0" encoding="UTF-8"?>
<!-- Generated by org.testng.reporters.JUnitXMLReporter -->
<testsuite ignored="0" hostname="DESKTOP-LP0ER4S" failures="4" tests="9" name="Firefox_Test" time="85.698" errors="0" timestamp="11 Jun 2025 07:30:32 GMT">
  <testcase classname="com.adactin.testcases.LoginPageTest" name="verifyForgotPassword" time="0.386">
    <failure type="java.lang.AssertionError" message="expected [https://adactinhotelapp.com/ForgotPassword.php] but found [https://adactinhotelapp.com/index.php]">
      <![CDATA[java.lang.AssertionError: expected [https://adactinhotelapp.com/ForgotPassword.php] but found [https://adactinhotelapp.com/index.php]
at com.adactin.testcases.LoginPageTest.verifyForgotPassword(LoginPageTest.java:149)
... Removed 29 stack frames]]>
    </failure>
  </testcase> <!-- verifyForgotPassword -->
  <testcase classname="com.adactin.testcases.LoginPageTest" name="verifyFunctionalityForGooglePlayTest" time="0.14">
    <failure type="org.openqa.selenium.interactions.MoveTargetOutOfBoundsException" message="Move target (511, 628) is out of bounds of viewport dimensions (1280, 587)
Build info: version: &amp;apos;4.28.1&amp;apos;, revision: &amp;apos;73f5ad48a2&amp;apos;
System info: os.name: &amp;apos;Windows 11&amp;apos;, os.arch: &amp;apos;amd64&amp;apos;, os.version: &amp;apos;10.0&amp;apos;, java.version: &amp;apos;23.0.1&amp;apos;
Driver info: org.openqa.selenium.firefox.FirefoxDriver
Command: [e0daceb8-db82-4398-a7f3-438f02cd954e, actions {actions=[org.openqa.selenium.interactions.Sequence@6f8ac8d5]}]
Capabilities {acceptInsecureCerts: true, browserName: firefox, browserVersion: 139.0.4, moz:accessibilityChecks: false, moz:buildID: 20250609112858, moz:debuggerAddress: 127.0.0.1:19393, moz:geckodriverVersion: 0.36.0, moz:headless: false, moz:platformVersion: 10.0, moz:processID: 29608, moz:profile: C:\Users\ADMIN\AppData\Loca..., moz:shutdownTimeout: 60000, moz:webdriverClick: true, moz:windowless: false, pageLoadStrategy: normal, platformName: windows, proxy: Proxy(), se:cdp: ws://127.0.0.1:19393/devtoo..., se:cdpVersion: 85.0, setWindowRect: true, strictFileInteractability: false, timeouts: {implicit: 0, pageLoad: 300000, script: 30000}, unhandledPromptBehavior: dismiss and notify, userAgent: Mozilla/5.0 (Windows NT 10....}
Session ID: e0daceb8-db82-4398-a7f3-438f02cd954e">
      <![CDATA[org.openqa.selenium.interactions.MoveTargetOutOfBoundsException: Move target (511, 628) is out of bounds of viewport dimensions (1280, 587)
Build info: version: '4.28.1', revision: '73f5ad48a2'
System info: os.name: 'Windows 11', os.arch: 'amd64', os.version: '10.0', java.version: '23.0.1'
Driver info: org.openqa.selenium.firefox.FirefoxDriver
Command: [e0daceb8-db82-4398-a7f3-438f02cd954e, actions {actions=[org.openqa.selenium.interactions.Sequence@6f8ac8d5]}]
Capabilities {acceptInsecureCerts: true, browserName: firefox, browserVersion: 139.0.4, moz:accessibilityChecks: false, moz:buildID: 20250609112858, moz:debuggerAddress: 127.0.0.1:19393, moz:geckodriverVersion: 0.36.0, moz:headless: false, moz:platformVersion: 10.0, moz:processID: 29608, moz:profile: C:\Users\ADMIN\AppData\Loca..., moz:shutdownTimeout: 60000, moz:webdriverClick: true, moz:windowless: false, pageLoadStrategy: normal, platformName: windows, proxy: Proxy(), se:cdp: ws://127.0.0.1:19393/devtoo..., se:cdpVersion: 85.0, setWindowRect: true, strictFileInteractability: false, timeouts: {implicit: 0, pageLoad: 300000, script: 30000}, unhandledPromptBehavior: dismiss and notify, userAgent: Mozilla/5.0 (Windows NT 10....}
Session ID: e0daceb8-db82-4398-a7f3-438f02cd954e
at org.openqa.selenium.remote.ErrorCodec.decode(ErrorCodec.java:167)
at org.openqa.selenium.remote.codec.w3c.W3CHttpResponseCodec.decode(W3CHttpResponseCodec.java:138)
at org.openqa.selenium.remote.codec.w3c.W3CHttpResponseCodec.decode(W3CHttpResponseCodec.java:50)
at org.openqa.selenium.remote.HttpCommandExecutor.execute(HttpCommandExecutor.java:215)
at org.openqa.selenium.remote.service.DriverCommandExecutor.invokeExecute(DriverCommandExecutor.java:216)
at org.openqa.selenium.remote.service.DriverCommandExecutor.execute(DriverCommandExecutor.java:174)
at org.openqa.selenium.remote.RemoteWebDriver.execute(RemoteWebDriver.java:545)
at org.openqa.selenium.remote.RemoteWebDriver.perform(RemoteWebDriver.java:631)
at org.openqa.selenium.interactions.Actions$BuiltAction.perform(Actions.java:616)
at com.adactin.actiondriver.Action.click(Action.java:45)
at com.adactin.pageobjects.LoginPage.verifyFunctionalityGooglePlay(LoginPage.java:69)
at com.adactin.testcases.LoginPageTest.verifyFunctionalityForGooglePlayTest(LoginPageTest.java:92)
... Removed 26 stack frames]]>
    </failure>
  </testcase> <!-- verifyFunctionalityForGooglePlayTest -->
  <testcase classname="com.adactin.testcases.LoginPageTest" name="verifyFunctionalityForiOSTest" time="0.156">
    <failure type="org.openqa.selenium.interactions.MoveTargetOutOfBoundsException" message="Move target (257, 628) is out of bounds of viewport dimensions (1280, 587)
Build info: version: &amp;apos;4.28.1&amp;apos;, revision: &amp;apos;73f5ad48a2&amp;apos;
System info: os.name: &amp;apos;Windows 11&amp;apos;, os.arch: &amp;apos;amd64&amp;apos;, os.version: &amp;apos;10.0&amp;apos;, java.version: &amp;apos;23.0.1&amp;apos;
Driver info: org.openqa.selenium.firefox.FirefoxDriver
Command: [16351175-9743-4345-9567-1f59d7490e4a, actions {actions=[org.openqa.selenium.interactions.Sequence@38fb151a]}]
Capabilities {acceptInsecureCerts: true, browserName: firefox, browserVersion: 139.0.4, moz:accessibilityChecks: false, moz:buildID: 20250609112858, moz:debuggerAddress: 127.0.0.1:41125, moz:geckodriverVersion: 0.36.0, moz:headless: false, moz:platformVersion: 10.0, moz:processID: 55460, moz:profile: C:\Users\ADMIN\AppData\Loca..., moz:shutdownTimeout: 60000, moz:webdriverClick: true, moz:windowless: false, pageLoadStrategy: normal, platformName: windows, proxy: Proxy(), se:cdp: ws://127.0.0.1:41125/devtoo..., se:cdpVersion: 85.0, setWindowRect: true, strictFileInteractability: false, timeouts: {implicit: 0, pageLoad: 300000, script: 30000}, unhandledPromptBehavior: dismiss and notify, userAgent: Mozilla/5.0 (Windows NT 10....}
Session ID: 16351175-9743-4345-9567-1f59d7490e4a">
      <![CDATA[org.openqa.selenium.interactions.MoveTargetOutOfBoundsException: Move target (257, 628) is out of bounds of viewport dimensions (1280, 587)
Build info: version: '4.28.1', revision: '73f5ad48a2'
System info: os.name: 'Windows 11', os.arch: 'amd64', os.version: '10.0', java.version: '23.0.1'
Driver info: org.openqa.selenium.firefox.FirefoxDriver
Command: [16351175-9743-4345-9567-1f59d7490e4a, actions {actions=[org.openqa.selenium.interactions.Sequence@38fb151a]}]
Capabilities {acceptInsecureCerts: true, browserName: firefox, browserVersion: 139.0.4, moz:accessibilityChecks: false, moz:buildID: 20250609112858, moz:debuggerAddress: 127.0.0.1:41125, moz:geckodriverVersion: 0.36.0, moz:headless: false, moz:platformVersion: 10.0, moz:processID: 55460, moz:profile: C:\Users\ADMIN\AppData\Loca..., moz:shutdownTimeout: 60000, moz:webdriverClick: true, moz:windowless: false, pageLoadStrategy: normal, platformName: windows, proxy: Proxy(), se:cdp: ws://127.0.0.1:41125/devtoo..., se:cdpVersion: 85.0, setWindowRect: true, strictFileInteractability: false, timeouts: {implicit: 0, pageLoad: 300000, script: 30000}, unhandledPromptBehavior: dismiss and notify, userAgent: Mozilla/5.0 (Windows NT 10....}
Session ID: 16351175-9743-4345-9567-1f59d7490e4a
at org.openqa.selenium.remote.ErrorCodec.decode(ErrorCodec.java:167)
at org.openqa.selenium.remote.codec.w3c.W3CHttpResponseCodec.decode(W3CHttpResponseCodec.java:138)
at org.openqa.selenium.remote.codec.w3c.W3CHttpResponseCodec.decode(W3CHttpResponseCodec.java:50)
at org.openqa.selenium.remote.HttpCommandExecutor.execute(HttpCommandExecutor.java:215)
at org.openqa.selenium.remote.service.DriverCommandExecutor.invokeExecute(DriverCommandExecutor.java:216)
at org.openqa.selenium.remote.service.DriverCommandExecutor.execute(DriverCommandExecutor.java:174)
at org.openqa.selenium.remote.RemoteWebDriver.execute(RemoteWebDriver.java:545)
at org.openqa.selenium.remote.RemoteWebDriver.perform(RemoteWebDriver.java:631)
at org.openqa.selenium.interactions.Actions$BuiltAction.perform(Actions.java:616)
at com.adactin.actiondriver.Action.click(Action.java:45)
at com.adactin.pageobjects.LoginPage.verifyFunctionalityForiOS(LoginPage.java:58)
at com.adactin.testcases.LoginPageTest.verifyFunctionalityForiOSTest(LoginPageTest.java:72)
... Removed 26 stack frames]]>
    </failure>
  </testcase> <!-- verifyFunctionalityForiOSTest -->
  <testcase classname="com.adactin.testcases.LoginPageTest" name="verifyLoginFunctionality" time="2.635"/>
  <testcase classname="com.adactin.testcases.LoginPageTest" name="verifyLoginFunctionality" time="2.63"/>
  <testcase classname="com.adactin.testcases.LoginPageTest" name="verifyLoginFunctionality" time="2.573"/>
  <testcase classname="com.adactin.testcases.LoginPageTest" name="verifyLogoTest" time="0.1"/>
  <testcase classname="com.adactin.testcases.LoginPageTest" name="verifyNewUserRegisterHereLink" time="0.377">
    <failure type="java.lang.AssertionError" message="expected [https://adactinhotelapp.com/Register.php] but found [https://adactinhotelapp.com/index.php]">
      <![CDATA[java.lang.AssertionError: expected [https://adactinhotelapp.com/Register.php] but found [https://adactinhotelapp.com/index.php]
at com.adactin.testcases.LoginPageTest.verifyNewUserRegisterHereLink(LoginPageTest.java:120)
... Removed 29 stack frames]]>
    </failure>
  </testcase> <!-- verifyNewUserRegisterHereLink -->
  <testcase classname="com.adactin.testcases.LoginPageTest" name="verifyTitleTest" time="0.026"/>
</testsuite> <!-- Firefox_Test -->
