<?xml version="1.0" encoding="UTF-8"?>
<!-- Generated by org.testng.reporters.JUnitXMLReporter -->
<testsuite ignored="22" hostname="DESKTOP-LP0ER4S" failures="0" tests="6" name="Regression" time="6.401" errors="0" timestamp="11 Jun 2025 06:30:01 GMT">
  <testcase classname="com.adactin.testcases.LoginPageTest" name="@BeforeMethod setUp" time="1.862">
    <failure type="java.lang.NullPointerException" message="Cannot invoke &amp;quot;java.util.Properties.getProperty(String)&amp;quot; because &amp;quot;com.adactin.base.BaseClass.prop&amp;quot; is null">
      <![CDATA[java.lang.NullPointerException: Cannot invoke "java.util.Properties.getProperty(String)" because "com.adactin.base.BaseClass.prop" is null
at com.adactin.base.BaseClass.launchApp(BaseClass.java:85)
at com.adactin.testcases.LoginPageTest.setUp(LoginPageTest.java:32)
... Removed 26 stack frames]]>
    </failure>
  </testcase> <!-- @BeforeMethod setUp -->
  <testcase classname="com.adactin.testcases.LoginPageTest" name="@AfterMethod tearDown" time="0.0">
    <skipped/>
  </testcase> <!-- @AfterMethod tearDown -->
  <testcase classname="com.adactin.testcases.LoginPageTest" name="@BeforeMethod setUp" time="0.0">
    <skipped/>
  </testcase> <!-- @BeforeMethod setUp -->
  <testcase classname="com.adactin.testcases.LoginPageTest" name="@AfterMethod tearDown" time="0.0">
    <skipped/>
  </testcase> <!-- @AfterMethod tearDown -->
  <testcase classname="com.adactin.testcases.LoginPageTest" name="@BeforeMethod setUp" time="0.0">
    <skipped/>
  </testcase> <!-- @BeforeMethod setUp -->
  <testcase classname="com.adactin.testcases.LoginPageTest" name="@AfterMethod tearDown" time="0.0">
    <skipped/>
  </testcase> <!-- @AfterMethod tearDown -->
  <testcase classname="com.adactin.testcases.SelectHotelPageTest" name="@BeforeMethod setUp" time="1.055">
    <failure type="java.lang.NullPointerException" message="Cannot invoke &amp;quot;java.util.Properties.getProperty(String)&amp;quot; because &amp;quot;com.adactin.base.BaseClass.prop&amp;quot; is null">
      <![CDATA[java.lang.NullPointerException: Cannot invoke "java.util.Properties.getProperty(String)" because "com.adactin.base.BaseClass.prop" is null
at com.adactin.base.BaseClass.launchApp(BaseClass.java:85)
at com.adactin.testcases.SelectHotelPageTest.setUp(SelectHotelPageTest.java:29)
... Removed 26 stack frames]]>
    </failure>
  </testcase> <!-- @BeforeMethod setUp -->
  <testcase classname="com.adactin.testcases.SelectHotelPageTest" name="@AfterMethod tearDown" time="0.0">
    <skipped/>
  </testcase> <!-- @AfterMethod tearDown -->
  <testcase classname="com.adactin.testcases.BookAHotelPageTest" name="@BeforeMethod setUp" time="1.316">
    <failure type="java.lang.NullPointerException" message="Cannot invoke &amp;quot;java.util.Properties.getProperty(String)&amp;quot; because &amp;quot;com.adactin.base.BaseClass.prop&amp;quot; is null">
      <![CDATA[java.lang.NullPointerException: Cannot invoke "java.util.Properties.getProperty(String)" because "com.adactin.base.BaseClass.prop" is null
at com.adactin.base.BaseClass.launchApp(BaseClass.java:85)
at com.adactin.testcases.BookAHotelPageTest.setUp(BookAHotelPageTest.java:28)
... Removed 26 stack frames]]>
    </failure>
  </testcase> <!-- @BeforeMethod setUp -->
  <testcase classname="com.adactin.testcases.BookAHotelPageTest" name="@AfterMethod tearDown" time="0.0">
    <skipped/>
  </testcase> <!-- @AfterMethod tearDown -->
  <testcase classname="com.adactin.testcases.SearchHotelPageTest" name="@BeforeMethod setUp" time="1.153">
    <failure type="java.lang.NullPointerException" message="Cannot invoke &amp;quot;java.util.Properties.getProperty(String)&amp;quot; because &amp;quot;com.adactin.base.BaseClass.prop&amp;quot; is null">
      <![CDATA[java.lang.NullPointerException: Cannot invoke "java.util.Properties.getProperty(String)" because "com.adactin.base.BaseClass.prop" is null
at com.adactin.base.BaseClass.launchApp(BaseClass.java:85)
at com.adactin.testcases.SearchHotelPageTest.setUp(SearchHotelPageTest.java:30)
... Removed 26 stack frames]]>
    </failure>
  </testcase> <!-- @BeforeMethod setUp -->
  <testcase classname="com.adactin.testcases.SearchHotelPageTest" name="@AfterMethod tearDown" time="0.0">
    <skipped/>
  </testcase> <!-- @AfterMethod tearDown -->
  <testcase classname="com.adactin.testcases.LoginPageTest" name="verifyLoginFunctionality" time="0.0">
    <skipped/>
  </testcase> <!-- verifyLoginFunctionality -->
  <testcase classname="com.adactin.testcases.LoginPageTest" name="verifyLoginFunctionality" time="0.0">
    <skipped/>
  </testcase> <!-- verifyLoginFunctionality -->
  <testcase classname="com.adactin.testcases.LoginPageTest" name="verifyLoginFunctionality" time="0.0">
    <skipped/>
  </testcase> <!-- verifyLoginFunctionality -->
  <testcase classname="com.adactin.testcases.SelectHotelPageTest" name="verifyTotalPriceTest" time="0.0">
    <skipped/>
  </testcase> <!-- verifyTotalPriceTest -->
  <testcase classname="com.adactin.testcases.BookAHotelPageTest" name="verifyBookAHotelDetails" time="0.0">
    <skipped/>
  </testcase> <!-- verifyBookAHotelDetails -->
  <testcase classname="com.adactin.testcases.SearchHotelPageTest" name="verifyFunctionalityOfSearchHotelPage" time="0.0">
    <skipped/>
  </testcase> <!-- verifyFunctionalityOfSearchHotelPage -->
  <testcase classname="com.adactin.testcases.BookingConfirmationPageTest" name="verifyverifyBookingConfirmationPageTest" time="0.0">
    <ignored/>
  </testcase> <!-- verifyverifyBookingConfirmationPageTest -->
  <testcase classname="com.adactin.testcases.BookAHotelPageTest" name="verifyTitle" time="0.0">
    <ignored/>
  </testcase> <!-- verifyTitle -->
  <testcase classname="com.adactin.testcases.LoginPageTest" name="verifyForgotPassword" time="0.0">
    <ignored/>
  </testcase> <!-- verifyForgotPassword -->
  <testcase classname="com.adactin.testcases.SearchHotelPageTest" name="verifyListOffieldDislayedTestdataTest" time="0.0">
    <ignored/>
  </testcase> <!-- verifyListOffieldDislayedTestdataTest -->
  <testcase classname="com.adactin.base.BaseClass" name="@BeforeSuite beforeSuite" time="0.0">
    <ignored/>
  </testcase> <!-- @BeforeSuite beforeSuite -->
  <testcase classname="com.adactin.base.BaseClass" name="@BeforeSuite beforeSuite" time="0.0">
    <ignored/>
  </testcase> <!-- @BeforeSuite beforeSuite -->
  <testcase classname="com.adactin.base.BaseClass" name="@BeforeSuite beforeSuite" time="0.0">
    <ignored/>
  </testcase> <!-- @BeforeSuite beforeSuite -->
  <testcase classname="com.adactin.base.BaseClass" name="@BeforeSuite beforeSuite" time="0.0">
    <ignored/>
  </testcase> <!-- @BeforeSuite beforeSuite -->
  <testcase classname="com.adactin.base.BaseClass" name="@BeforeSuite beforeSuite" time="0.0">
    <ignored/>
  </testcase> <!-- @BeforeSuite beforeSuite -->
  <testcase classname="com.adactin.testcases.LoginPageTest" name="verifyFunctionalityForiOSTest" time="0.0">
    <ignored/>
  </testcase> <!-- verifyFunctionalityForiOSTest -->
  <testcase classname="com.adactin.testcases.SelectHotelPageTest" name="verifySelectHotelDetails" time="0.0">
    <ignored/>
  </testcase> <!-- verifySelectHotelDetails -->
  <testcase classname="com.adactin.testcases.LoginPageTest" name="verifyTitleTest" time="0.0">
    <ignored/>
  </testcase> <!-- verifyTitleTest -->
  <testcase classname="com.adactin.testcases.SelectHotelPageTest" name="verifyTitle" time="0.0">
    <ignored/>
  </testcase> <!-- verifyTitle -->
  <testcase classname="com.adactin.testcases.SearchHotelPageTest" name="verifySearchHotelPageTitle" time="0.0">
    <ignored/>
  </testcase> <!-- verifySearchHotelPageTitle -->
  <testcase classname="com.adactin.testcases.BookedItineraryPageTest" name="verifySearchHotel" time="0.0">
    <ignored/>
  </testcase> <!-- verifySearchHotel -->
  <testcase classname="com.adactin.testcases.SearchHotelPageTest" name="verifyChangePasswordLink" time="0.0">
    <ignored/>
  </testcase> <!-- verifyChangePasswordLink -->
  <testcase classname="com.adactin.testcases.SearchHotelPageTest" name="verifyDisplayOfSearchHotelPage" time="0.0">
    <ignored/>
  </testcase> <!-- verifyDisplayOfSearchHotelPage -->
  <testcase classname="com.adactin.testcases.SearchHotelPageTest" name="verifyLogoutLink" time="0.0">
    <ignored/>
  </testcase> <!-- verifyLogoutLink -->
  <testcase classname="com.adactin.testcases.LoginPageTest" name="verifyNewUserRegisterHereLink" time="0.0">
    <ignored/>
  </testcase> <!-- verifyNewUserRegisterHereLink -->
  <testcase classname="com.adactin.testcases.LoginPageTest" name="verifyLogoTest" time="0.0">
    <ignored/>
  </testcase> <!-- verifyLogoTest -->
  <testcase classname="com.adactin.testcases.LoginPageTest" name="verifyFunctionalityForGooglePlayTest" time="0.0">
    <ignored/>
  </testcase> <!-- verifyFunctionalityForGooglePlayTest -->
  <testcase classname="com.adactin.testcases.SearchHotelPageTest" name="verifyBookedItineraryLink" time="0.0">
    <ignored/>
  </testcase> <!-- verifyBookedItineraryLink -->
</testsuite> <!-- Regression -->
