<?xml version="1.0" encoding="UTF-8"?>
<!-- Generated by org.testng.reporters.JUnitXMLReporter -->
<testsuite ignored="11" hostname="DESKTOP-LP0ER4S" failures="3" tests="20" name="Smoke" time="267.916" errors="0" timestamp="12 Jun 2025 14:04:23 GMT">
  <testcase classname="com.adactin.testcases.LoginPageTest" name="verifyForgotPassword" time="0.748"/>
  <testcase classname="com.adactin.testcases.LoginPageTest" name="verifyFunctionalityForGooglePlayTest" time="2.576">
    <failure type="java.lang.AssertionError" message="expected [https://play.google.com/store/apps/details?id=com.adactin.education.hotelbooking] but found [https://adactinhotelapp.com/index.php]">
      <![CDATA[java.lang.AssertionError: expected [https://play.google.com/store/apps/details?id=com.adactin.education.hotelbooking] but found [https://adactinhotelapp.com/index.php]
at com.adactin.testcases.LoginPageTest.verifyFunctionalityForGooglePlayTest(LoginPageTest.java:100)
... Removed 29 stack frames]]>
    </failure>
  </testcase> <!-- verifyFunctionalityForGooglePlayTest -->
  <testcase classname="com.adactin.testcases.LoginPageTest" name="verifyFunctionalityForiOSTest" time="5.348">
    <failure type="java.lang.AssertionError" message="expected [https://testflight.apple.com/join/Ai3nVPMD] but found [https://adactinhotelapp.com/index.php]">
      <![CDATA[java.lang.AssertionError: expected [https://testflight.apple.com/join/Ai3nVPMD] but found [https://adactinhotelapp.com/index.php]
at com.adactin.testcases.LoginPageTest.verifyFunctionalityForiOSTest(LoginPageTest.java:76)
... Removed 29 stack frames]]>
    </failure>
  </testcase> <!-- verifyFunctionalityForiOSTest -->
  <testcase classname="com.adactin.testcases.LoginPageTest" name="verifyLogoTest" time="0.103"/>
  <testcase classname="com.adactin.testcases.LoginPageTest" name="verifyNewUserRegisterHereLink" time="0.914"/>
  <testcase classname="com.adactin.testcases.LoginPageTest" name="verifyTitleTest" time="0.041"/>
  <testcase classname="com.adactin.testcases.BookAHotelPageTest" name="verifyBookAHotelDetails" time="33.946"/>
  <testcase classname="com.adactin.testcases.BookAHotelPageTest" name="verifyTitle" time="20.794"/>
  <testcase classname="com.adactin.testcases.SearchHotelPageTest" name="verifyBookedItineraryLink" time="15.638"/>
  <testcase classname="com.adactin.testcases.SearchHotelPageTest" name="verifyChangePasswordLink" time="4.019"/>
  <testcase classname="com.adactin.testcases.SearchHotelPageTest" name="verifyDisplayOfSearchHotelPage" time="2.971"/>
  <testcase classname="com.adactin.testcases.SearchHotelPageTest" name="verifyFunctionalityOfSearchHotelPage" time="7.715"/>
  <testcase classname="com.adactin.testcases.SearchHotelPageTest" name="verifyListOffieldDislayedTestdataTest" time="1.345">
    <failure type="org.openqa.selenium.StaleElementReferenceException" message="stale element reference: stale element not found
  (Session info: chrome=137.0.7151.103)
For documentation on this error, please visit: https://www.selenium.dev/documentation/webdriver/troubleshooting/errors#stale-element-reference-exception
Build info: version: &amp;apos;4.28.1&amp;apos;, revision: &amp;apos;73f5ad48a2&amp;apos;
System info: os.name: &amp;apos;Windows 11&amp;apos;, os.arch: &amp;apos;amd64&amp;apos;, os.version: &amp;apos;10.0&amp;apos;, java.version: &amp;apos;23.0.1&amp;apos;
Driver info: org.openqa.selenium.chrome.ChromeDriver
Command: [437ddc83060177095a74c8a3abc50899, getElementText {id=f.7C08CAB8F76173FAC2F6B385FE50A8C1.d.ABD3FBE9A815444CD17E938E0651EB89.e.31}]
Capabilities {acceptInsecureCerts: false, browserName: chrome, browserVersion: 137.0.7151.103, chrome: {chromedriverVersion: 137.0.7151.68 (2989ffee9373..., userDataDir: C:\Users\ADMIN\AppData\Loca...}, fedcm:accounts: true, goog:chromeOptions: {debuggerAddress: localhost:64780}, networkConnectionEnabled: false, pageLoadStrategy: normal, platformName: windows, proxy: Proxy(), se:cdp: ws://localhost:64780/devtoo..., se:cdpVersion: 137.0.7151.103, setWindowRect: true, strictFileInteractability: false, timeouts: {implicit: 0, pageLoad: 300000, script: 30000}, unhandledPromptBehavior: dismiss and notify, webauthn:extension:credBlob: true, webauthn:extension:largeBlob: true, webauthn:extension:minPinLength: true, webauthn:extension:prf: true, webauthn:virtualAuthenticators: true}
Element: [[ChromeDriver: chrome on windows (437ddc83060177095a74c8a3abc50899)] -&amp;gt; xpath: //table[@class=&amp;apos;login&amp;apos;]//td[2]]
Session ID: 437ddc83060177095a74c8a3abc50899">
      <![CDATA[org.openqa.selenium.StaleElementReferenceException: stale element reference: stale element not found
  (Session info: chrome=137.0.7151.103)
For documentation on this error, please visit: https://www.selenium.dev/documentation/webdriver/troubleshooting/errors#stale-element-reference-exception
Build info: version: '4.28.1', revision: '73f5ad48a2'
System info: os.name: 'Windows 11', os.arch: 'amd64', os.version: '10.0', java.version: '23.0.1'
Driver info: org.openqa.selenium.chrome.ChromeDriver
Command: [437ddc83060177095a74c8a3abc50899, getElementText {id=f.7C08CAB8F76173FAC2F6B385FE50A8C1.d.ABD3FBE9A815444CD17E938E0651EB89.e.31}]
Capabilities {acceptInsecureCerts: false, browserName: chrome, browserVersion: 137.0.7151.103, chrome: {chromedriverVersion: 137.0.7151.68 (2989ffee9373..., userDataDir: C:\Users\ADMIN\AppData\Loca...}, fedcm:accounts: true, goog:chromeOptions: {debuggerAddress: localhost:64780}, networkConnectionEnabled: false, pageLoadStrategy: normal, platformName: windows, proxy: Proxy(), se:cdp: ws://localhost:64780/devtoo..., se:cdpVersion: 137.0.7151.103, setWindowRect: true, strictFileInteractability: false, timeouts: {implicit: 0, pageLoad: 300000, script: 30000}, unhandledPromptBehavior: dismiss and notify, webauthn:extension:credBlob: true, webauthn:extension:largeBlob: true, webauthn:extension:minPinLength: true, webauthn:extension:prf: true, webauthn:virtualAuthenticators: true}
Element: [[ChromeDriver: chrome on windows (437ddc83060177095a74c8a3abc50899)] -> xpath: //table[@class='login']//td[2]]
Session ID: 437ddc83060177095a74c8a3abc50899
at org.openqa.selenium.remote.ErrorCodec.decode(ErrorCodec.java:167)
at org.openqa.selenium.remote.codec.w3c.W3CHttpResponseCodec.decode(W3CHttpResponseCodec.java:138)
at org.openqa.selenium.remote.codec.w3c.W3CHttpResponseCodec.decode(W3CHttpResponseCodec.java:50)
at org.openqa.selenium.remote.HttpCommandExecutor.execute(HttpCommandExecutor.java:215)
at org.openqa.selenium.remote.service.DriverCommandExecutor.invokeExecute(DriverCommandExecutor.java:216)
at org.openqa.selenium.remote.service.DriverCommandExecutor.execute(DriverCommandExecutor.java:174)
at org.openqa.selenium.remote.RemoteWebDriver.execute(RemoteWebDriver.java:545)
at org.openqa.selenium.remote.RemoteWebElement.execute(RemoteWebElement.java:223)
at org.openqa.selenium.remote.RemoteWebElement.getText(RemoteWebElement.java:191)
at com.adactin.pageobjects.SearchHotelPage.verifyListOffieldDislayedTestdata(SearchHotelPage.java:236)
at com.adactin.testcases.SearchHotelPageTest.verifyListOffieldDislayedTestdataTest(SearchHotelPageTest.java:198)
... Removed 26 stack frames]]>
    </failure>
  </testcase> <!-- verifyListOffieldDislayedTestdataTest -->
  <testcase classname="com.adactin.testcases.SearchHotelPageTest" name="verifyLogoutLink" time="3.586"/>
  <testcase classname="com.adactin.testcases.SearchHotelPageTest" name="verifySearchHotelPageTitle" time="3.211"/>
  <testcase classname="com.adactin.testcases.BookingConfirmationPageTest" name="verifyverifyBookingConfirmationPageTest" time="10.027"/>
  <testcase classname="com.adactin.testcases.SelectHotelPageTest" name="verifySelectHotelDetails" time="19.947"/>
  <testcase classname="com.adactin.testcases.SelectHotelPageTest" name="verifyTitle" time="9.439"/>
  <testcase classname="com.adactin.testcases.SelectHotelPageTest" name="verifyTotalPriceTest" time="8.315"/>
  <testcase classname="com.adactin.testcases.BookedItineraryPageTest" name="verifySearchHotel" time="2.462"/>
  <testcase classname="com.adactin.base.BaseClass" name="@BeforeTest BaseClass" time="0.0">
    <ignored/>
  </testcase> <!-- @BeforeTest BaseClass -->
  <testcase classname="com.adactin.base.BaseClass" name="@BeforeTest BaseClass" time="0.0">
    <ignored/>
  </testcase> <!-- @BeforeTest BaseClass -->
  <testcase classname="com.adactin.base.BaseClass" name="@BeforeTest BaseClass" time="0.0">
    <ignored/>
  </testcase> <!-- @BeforeTest BaseClass -->
  <testcase classname="com.adactin.base.BaseClass" name="@BeforeTest BaseClass" time="0.0">
    <ignored/>
  </testcase> <!-- @BeforeTest BaseClass -->
  <testcase classname="com.adactin.base.BaseClass" name="@BeforeTest BaseClass" time="0.0">
    <ignored/>
  </testcase> <!-- @BeforeTest BaseClass -->
  <testcase classname="com.adactin.base.BaseClass" name="@BeforeSuite beforeSuite" time="0.0">
    <ignored/>
  </testcase> <!-- @BeforeSuite beforeSuite -->
  <testcase classname="com.adactin.base.BaseClass" name="@BeforeSuite beforeSuite" time="0.0">
    <ignored/>
  </testcase> <!-- @BeforeSuite beforeSuite -->
  <testcase classname="com.adactin.base.BaseClass" name="@BeforeSuite beforeSuite" time="0.0">
    <ignored/>
  </testcase> <!-- @BeforeSuite beforeSuite -->
  <testcase classname="com.adactin.base.BaseClass" name="@BeforeSuite beforeSuite" time="0.0">
    <ignored/>
  </testcase> <!-- @BeforeSuite beforeSuite -->
  <testcase classname="com.adactin.base.BaseClass" name="@BeforeSuite beforeSuite" time="0.0">
    <ignored/>
  </testcase> <!-- @BeforeSuite beforeSuite -->
  <testcase classname="com.adactin.testcases.LoginPageTest" name="verifyLoginFunctionality" time="0.0">
    <ignored/>
  </testcase> <!-- verifyLoginFunctionality -->
</testsuite> <!-- Smoke -->
