<?xml version="1.0" encoding="UTF-8"?>
<!-- Generated by org.testng.reporters.JUnitXMLReporter -->
<testsuite ignored="10" hostname="DESKTOP-LP0ER4S" failures="6" tests="25" name="Test_All" time="321.656" errors="0" timestamp="12 Jun 2025 14:42:43 GMT">
  <testcase classname="com.adactin.testcases.LoginPageTest" name="verifyForgotPassword" time="1.827"/>
  <testcase classname="com.adactin.testcases.LoginPageTest" name="verifyFunctionalityForGooglePlayTest" time="2.379">
    <failure type="java.lang.AssertionError" message="expected [https://play.google.com/store/apps/details?id=com.adactin.education.hotelbooking] but found [https://adactinhotelapp.com/index.php]">
      <![CDATA[java.lang.AssertionError: expected [https://play.google.com/store/apps/details?id=com.adactin.education.hotelbooking] but found [https://adactinhotelapp.com/index.php]
at com.adactin.testcases.LoginPageTest.verifyFunctionalityForGooglePlayTest(LoginPageTest.java:100)
... Removed 29 stack frames]]>
    </failure>
  </testcase> <!-- verifyFunctionalityForGooglePlayTest -->
  <testcase classname="com.adactin.testcases.LoginPageTest" name="verifyFunctionalityForiOSTest" time="5.386">
    <failure type="java.lang.AssertionError" message="expected [https://testflight.apple.com/join/Ai3nVPMD] but found [https://adactinhotelapp.com/index.php]">
      <![CDATA[java.lang.AssertionError: expected [https://testflight.apple.com/join/Ai3nVPMD] but found [https://adactinhotelapp.com/index.php]
at com.adactin.testcases.LoginPageTest.verifyFunctionalityForiOSTest(LoginPageTest.java:76)
... Removed 29 stack frames]]>
    </failure>
  </testcase> <!-- verifyFunctionalityForiOSTest -->
  <testcase classname="com.adactin.testcases.LoginPageTest" name="verifyLoginFunctionality" time="3.944"/>
  <testcase classname="com.adactin.testcases.LoginPageTest" name="verifyLoginFunctionality" time="2.521">
    <failure type="java.lang.AssertionError" message="expected [https://adactinhotelapp.com/SearchHotel.php] but found [https://adactinhotelapp.com/index.php]">
      <![CDATA[java.lang.AssertionError: expected [https://adactinhotelapp.com/SearchHotel.php] but found [https://adactinhotelapp.com/index.php]
at com.adactin.testcases.LoginPageTest.verifyLoginFunctionality(LoginPageTest.java:142)
... Removed 29 stack frames]]>
    </failure>
  </testcase> <!-- verifyLoginFunctionality -->
  <testcase classname="com.adactin.testcases.LoginPageTest" name="verifyLoginFunctionality" time="2.506">
    <failure type="java.lang.AssertionError" message="expected [https://adactinhotelapp.com/SearchHotel.php] but found [https://adactinhotelapp.com/index.php]">
      <![CDATA[java.lang.AssertionError: expected [https://adactinhotelapp.com/SearchHotel.php] but found [https://adactinhotelapp.com/index.php]
at com.adactin.testcases.LoginPageTest.verifyLoginFunctionality(LoginPageTest.java:142)
... Removed 29 stack frames]]>
    </failure>
  </testcase> <!-- verifyLoginFunctionality -->
  <testcase classname="com.adactin.testcases.LoginPageTest" name="verifyLoginFunctionality" time="2.735">
    <failure type="java.lang.AssertionError" message="expected [https://adactinhotelapp.com/SearchHotel.php] but found [https://adactinhotelapp.com/index.php]">
      <![CDATA[java.lang.AssertionError: expected [https://adactinhotelapp.com/SearchHotel.php] but found [https://adactinhotelapp.com/index.php]
at com.adactin.testcases.LoginPageTest.verifyLoginFunctionality(LoginPageTest.java:142)
... Removed 29 stack frames]]>
    </failure>
  </testcase> <!-- verifyLoginFunctionality -->
  <testcase classname="com.adactin.testcases.LoginPageTest" name="verifyLoginFunctionality" time="2.642">
    <failure type="java.lang.AssertionError" message="expected [https://adactinhotelapp.com/SearchHotel.php] but found [https://adactinhotelapp.com/index.php]">
      <![CDATA[java.lang.AssertionError: expected [https://adactinhotelapp.com/SearchHotel.php] but found [https://adactinhotelapp.com/index.php]
at com.adactin.testcases.LoginPageTest.verifyLoginFunctionality(LoginPageTest.java:142)
... Removed 29 stack frames]]>
    </failure>
  </testcase> <!-- verifyLoginFunctionality -->
  <testcase classname="com.adactin.testcases.LoginPageTest" name="verifyLogoTest" time="0.078"/>
  <testcase classname="com.adactin.testcases.LoginPageTest" name="verifyNewUserRegisterHereLink" time="1.447"/>
  <testcase classname="com.adactin.testcases.LoginPageTest" name="verifyTitleTest" time="0.027"/>
  <testcase classname="com.adactin.testcases.BookAHotelPageTest" name="verifyBookAHotelDetails" time="33.915"/>
  <testcase classname="com.adactin.testcases.BookAHotelPageTest" name="verifyTitle" time="20.83"/>
  <testcase classname="com.adactin.testcases.SearchHotelPageTest" name="verifyBookedItineraryLink" time="20.978"/>
  <testcase classname="com.adactin.testcases.SearchHotelPageTest" name="verifyChangePasswordLink" time="4.145"/>
  <testcase classname="com.adactin.testcases.SearchHotelPageTest" name="verifyDisplayOfSearchHotelPage" time="1.564"/>
  <testcase classname="com.adactin.testcases.SearchHotelPageTest" name="verifyFunctionalityOfSearchHotelPage" time="7.635"/>
  <testcase classname="com.adactin.testcases.SearchHotelPageTest" name="verifyListOffieldDislayedTestdataTest" time="1.505"/>
  <testcase classname="com.adactin.testcases.SearchHotelPageTest" name="verifyLogoutLink" time="3.67"/>
  <testcase classname="com.adactin.testcases.SearchHotelPageTest" name="verifySearchHotelPageTitle" time="3.487"/>
  <testcase classname="com.adactin.testcases.BookingConfirmationPageTest" name="verifyverifyBookingConfirmationPageTest" time="10.092"/>
  <testcase classname="com.adactin.testcases.SelectHotelPageTest" name="verifySelectHotelDetails" time="20.21"/>
  <testcase classname="com.adactin.testcases.SelectHotelPageTest" name="verifyTitle" time="9.809"/>
  <testcase classname="com.adactin.testcases.SelectHotelPageTest" name="verifyTotalPriceTest" time="8.27"/>
  <testcase classname="com.adactin.testcases.BookedItineraryPageTest" name="verifySearchHotel" time="2.431"/>
  <testcase classname="com.adactin.base.BaseClass" name="@AfterSuite afterSuite" time="0.0">
    <ignored/>
  </testcase> <!-- @AfterSuite afterSuite -->
  <testcase classname="com.adactin.base.BaseClass" name="@AfterSuite afterSuite" time="0.0">
    <ignored/>
  </testcase> <!-- @AfterSuite afterSuite -->
  <testcase classname="com.adactin.base.BaseClass" name="@AfterSuite afterSuite" time="0.0">
    <ignored/>
  </testcase> <!-- @AfterSuite afterSuite -->
  <testcase classname="com.adactin.base.BaseClass" name="@AfterSuite afterSuite" time="0.0">
    <ignored/>
  </testcase> <!-- @AfterSuite afterSuite -->
  <testcase classname="com.adactin.base.BaseClass" name="@AfterSuite afterSuite" time="0.0">
    <ignored/>
  </testcase> <!-- @AfterSuite afterSuite -->
  <testcase classname="com.adactin.base.BaseClass" name="@BeforeSuite loadConfig" time="0.0">
    <ignored/>
  </testcase> <!-- @BeforeSuite loadConfig -->
  <testcase classname="com.adactin.base.BaseClass" name="@BeforeSuite loadConfig" time="0.0">
    <ignored/>
  </testcase> <!-- @BeforeSuite loadConfig -->
  <testcase classname="com.adactin.base.BaseClass" name="@BeforeSuite loadConfig" time="0.0">
    <ignored/>
  </testcase> <!-- @BeforeSuite loadConfig -->
  <testcase classname="com.adactin.base.BaseClass" name="@BeforeSuite loadConfig" time="0.0">
    <ignored/>
  </testcase> <!-- @BeforeSuite loadConfig -->
  <testcase classname="com.adactin.base.BaseClass" name="@BeforeSuite loadConfig" time="0.0">
    <ignored/>
  </testcase> <!-- @BeforeSuite loadConfig -->
</testsuite> <!-- Test_All -->
