<!DOCTYPE html PUBLIC "-//W3C//DTD XHTML 1.1//EN" "http://www.w3.org/TR/xhtml11/DTD/xhtml11.dtd">
<html xmlns="http://www.w3.org/1999/xhtml">
<head>
<meta http-equiv="content-type" content="text/html; charset=UTF-8"/>
<title>TestNG Report</title>
<style type="text/css">table {margin-bottom:10px;border-collapse:collapse;empty-cells:show}th,td {border:1px solid #009;padding:.25em .5em}th {vertical-align:bottom}td {vertical-align:top}table a {font-weight:bold}.stripe td {background-color: #E6EBF9}.num {text-align:right}.passedodd td {background-color: #3F3}.passedeven td {background-color: #0A0}.skippedodd td {background-color: #DDD}.skippedeven td {background-color: #CCC}.failedodd td,.attn {background-color: #F33}.failedeven td,.stripe .attn {background-color: #D00}.stacktrace {white-space:pre;font-family:monospace}.totop {font-size:85%;text-align:center;border-bottom:2px solid #000}.invisible {display:none}</style>
</head>
<body>
<table>
<tr><th>Test</th><th># Passed</th><th># Skipped</th><th># Failed</th><th>Time (ms)</th><th>Included Groups</th><th>Excluded Groups</th></tr>
<tr><th colspan="7">Suite</th></tr>
<tr><td><a href="#t0">Test_All</a></td><td class="num">19</td><td class="num">0</td><td class="num attn">6</td><td class="num">321,656</td><td></td><td></td></tr>
</table>
<table id='summary'><thead><tr><th>Class</th><th>Method</th><th>Start</th><th>Time (ms)</th></tr></thead><tbody><tr><th colspan="4">Suite</th></tr></tbody><tbody id="t0"><tr><th colspan="4">Test_All &#8212; failed</th></tr><tr class="failedeven"><td rowspan="6">com.adactin.testcases.LoginPageTest</td><td><a href="#m0">verifyFunctionalityForGooglePlayTest</a></td><td rowspan="1">1749739050408</td><td rowspan="1">2379</td></tr><tr class="failedeven"><td><a href="#m1">verifyFunctionalityForiOSTest</a></td><td rowspan="1">1749739056727</td><td rowspan="1">5386</td></tr><tr class="failedeven"><td><a href="#m2">verifyLoginFunctionality</a></td><td rowspan="4">1749739094207</td><td rowspan="4">2642</td></tr><tr class="failedeven"><td><a href="#m3">verifyLoginFunctionality</a></td></tr><tr class="failedeven"><td><a href="#m4">verifyLoginFunctionality</a></td></tr><tr class="failedeven"><td><a href="#m5">verifyLoginFunctionality</a></td></tr><tr><th colspan="4">Test_All &#8212; passed</th></tr><tr class="passedeven"><td rowspan="2">com.adactin.testcases.BookAHotelPageTest</td><td><a href="#m6">verifyBookAHotelDetails</a></td><td rowspan="1">1749739112941</td><td rowspan="1">33915</td></tr><tr class="passedeven"><td><a href="#m7">verifyTitle</a></td><td rowspan="1">1749739151649</td><td rowspan="1">20830</td></tr><tr class="passedodd"><td rowspan="1">com.adactin.testcases.BookedItineraryPageTest</td><td><a href="#m8">verifySearchHotel</a></td><td rowspan="1">1749739360240</td><td rowspan="1">2431</td></tr><tr class="passedeven"><td rowspan="1">com.adactin.testcases.BookingConfirmationPageTest</td><td><a href="#m9">verifyverifyBookingConfirmationPageTest</a></td><td rowspan="1">1749739281069</td><td rowspan="1">10092</td></tr><tr class="passedodd"><td rowspan="5">com.adactin.testcases.LoginPageTest</td><td><a href="#m10">verifyForgotPassword</a></td><td rowspan="1">1749739045158</td><td rowspan="1">1827</td></tr><tr class="passedodd"><td><a href="#m11">verifyLoginFunctionality</a></td><td rowspan="1">1749739066653</td><td rowspan="1">3944</td></tr><tr class="passedodd"><td><a href="#m12">verifyLogoTest</a></td><td rowspan="1">1749739100555</td><td rowspan="1">78</td></tr><tr class="passedodd"><td><a href="#m13">verifyNewUserRegisterHereLink</a></td><td rowspan="1">1749739104448</td><td rowspan="1">1447</td></tr><tr class="passedodd"><td><a href="#m14">verifyTitleTest</a></td><td rowspan="1">1749739109385</td><td rowspan="1">27</td></tr><tr class="passedeven"><td rowspan="7">com.adactin.testcases.SearchHotelPageTest</td><td><a href="#m15">verifyBookedItineraryLink</a></td><td rowspan="1">1749739176121</td><td rowspan="1">20978</td></tr><tr class="passedeven"><td><a href="#m16">verifyChangePasswordLink</a></td><td rowspan="1">1749739200808</td><td rowspan="1">4145</td></tr><tr class="passedeven"><td><a href="#m17">verifyDisplayOfSearchHotelPage</a></td><td rowspan="1">1749739208795</td><td rowspan="1">1564</td></tr><tr class="passedeven"><td><a href="#m18">verifyFunctionalityOfSearchHotelPage</a></td><td rowspan="1">1749739213773</td><td rowspan="1">7635</td></tr><tr class="passedeven"><td><a href="#m19">verifyListOffieldDislayedTestdataTest</a></td><td rowspan="1">1749739227019</td><td rowspan="1">1505</td></tr><tr class="passedeven"><td><a href="#m20">verifyLogoutLink</a></td><td rowspan="1">1749739232142</td><td rowspan="1">3670</td></tr><tr class="passedeven"><td><a href="#m21">verifySearchHotelPageTitle</a></td><td rowspan="1">1749739239614</td><td rowspan="1">3487</td></tr><tr class="passedodd"><td rowspan="3">com.adactin.testcases.SelectHotelPageTest</td><td><a href="#m22">verifySelectHotelDetails</a></td><td rowspan="1">1749739294910</td><td rowspan="1">20210</td></tr><tr class="passedodd"><td><a href="#m23">verifyTitle</a></td><td rowspan="1">1749739318577</td><td rowspan="1">9809</td></tr><tr class="passedodd"><td><a href="#m24">verifyTotalPriceTest</a></td><td rowspan="1">1749739331979</td><td rowspan="1">8270</td></tr></tbody>
</table>
<h2>Test_All</h2><h3 id="m0">com.adactin.testcases.LoginPageTest#verifyFunctionalityForGooglePlayTest</h3><table class="result"><tr><th>Exception</th></tr><tr><td><div class="stacktrace">java.lang.AssertionError: expected [https://play.google.com/store/apps/details?id=com.adactin.education.hotelbooking] but found [https://adactinhotelapp.com/index.php]
	at com.adactin.testcases.LoginPageTest.verifyFunctionalityForGooglePlayTest(LoginPageTest.java:100)
... Removed 29 stack frames</div></td></tr></table><p class="totop"><a href="#summary">back to summary</a></p>
<h3 id="m1">com.adactin.testcases.LoginPageTest#verifyFunctionalityForiOSTest</h3><table class="result"><tr><th>Exception</th></tr><tr><td><div class="stacktrace">java.lang.AssertionError: expected [https://testflight.apple.com/join/Ai3nVPMD] but found [https://adactinhotelapp.com/index.php]
	at com.adactin.testcases.LoginPageTest.verifyFunctionalityForiOSTest(LoginPageTest.java:76)
... Removed 29 stack frames</div></td></tr></table><p class="totop"><a href="#summary">back to summary</a></p>
<h3 id="m2">com.adactin.testcases.LoginPageTest#verifyLoginFunctionality</h3><table class="result"><tr class="param"><th>Parameter #1</th><th>Parameter #2</th></tr><tr class="param stripe"><td>test</td><td>test</td></tr><tr><th colspan="2">Exception</th></tr><tr><td colspan="2"><div class="stacktrace">java.lang.AssertionError: expected [https://adactinhotelapp.com/SearchHotel.php] but found [https://adactinhotelapp.com/index.php]
	at com.adactin.testcases.LoginPageTest.verifyLoginFunctionality(LoginPageTest.java:142)
... Removed 29 stack frames</div></td></tr></table><p class="totop"><a href="#summary">back to summary</a></p>
<h3 id="m3">com.adactin.testcases.LoginPageTest#verifyLoginFunctionality</h3><table class="result"><tr class="param"><th>Parameter #1</th><th>Parameter #2</th></tr><tr class="param stripe"><td>JayanthiSaraPeru</td><td>test</td></tr><tr><th colspan="2">Exception</th></tr><tr><td colspan="2"><div class="stacktrace">java.lang.AssertionError: expected [https://adactinhotelapp.com/SearchHotel.php] but found [https://adactinhotelapp.com/index.php]
	at com.adactin.testcases.LoginPageTest.verifyLoginFunctionality(LoginPageTest.java:142)
... Removed 29 stack frames</div></td></tr></table><p class="totop"><a href="#summary">back to summary</a></p>
<h3 id="m4">com.adactin.testcases.LoginPageTest#verifyLoginFunctionality</h3><table class="result"><tr class="param"><th>Parameter #1</th><th>Parameter #2</th></tr><tr class="param stripe"><td></td><td></td></tr><tr><th colspan="2">Exception</th></tr><tr><td colspan="2"><div class="stacktrace">java.lang.AssertionError: expected [https://adactinhotelapp.com/SearchHotel.php] but found [https://adactinhotelapp.com/index.php]
	at com.adactin.testcases.LoginPageTest.verifyLoginFunctionality(LoginPageTest.java:142)
... Removed 29 stack frames</div></td></tr></table><p class="totop"><a href="#summary">back to summary</a></p>
<h3 id="m5">com.adactin.testcases.LoginPageTest#verifyLoginFunctionality</h3><table class="result"><tr class="param"><th>Parameter #1</th><th>Parameter #2</th></tr><tr class="param stripe"><td>test</td><td>JayanthiSaraPeru@123</td></tr><tr><th colspan="2">Exception</th></tr><tr><td colspan="2"><div class="stacktrace">java.lang.AssertionError: expected [https://adactinhotelapp.com/SearchHotel.php] but found [https://adactinhotelapp.com/index.php]
	at com.adactin.testcases.LoginPageTest.verifyLoginFunctionality(LoginPageTest.java:142)
... Removed 29 stack frames</div></td></tr></table><p class="totop"><a href="#summary">back to summary</a></p>
<h3 id="m6">com.adactin.testcases.BookAHotelPageTest#verifyBookAHotelDetails</h3><table class="result"><tr class="param"><th>Parameter #1</th><th>Parameter #2</th><th>Parameter #3</th><th>Parameter #4</th><th>Parameter #5</th><th>Parameter #6</th><th>Parameter #7</th><th>Parameter #8</th><th>Parameter #9</th><th>Parameter #10</th><th>Parameter #11</th><th>Parameter #12</th><th>Parameter #13</th><th>Parameter #14</th><th>Parameter #15</th><th>Parameter #16</th></tr><tr class="param stripe"><td>Sydney</td><td>Hotel Creek</td><td>Standard</td><td>1 - One</td><td>5/29/25</td><td>5/30/25</td><td>1 - One</td><td>2 - Two</td><td>test</td><td>test</td><td>test</td><td>1234342345654320</td><td>American Express</td><td>December</td><td>2027</td><td>777</td></tr></table><p class="totop"><a href="#summary">back to summary</a></p>
<h3 id="m7">com.adactin.testcases.BookAHotelPageTest#verifyTitle</h3><table class="result"><tr class="param"><th>Parameter #1</th><th>Parameter #2</th><th>Parameter #3</th><th>Parameter #4</th><th>Parameter #5</th><th>Parameter #6</th><th>Parameter #7</th><th>Parameter #8</th></tr><tr class="param stripe"><td>Sydney</td><td>Hotel Creek</td><td>Standard</td><td>1 - One</td><td>5/29/25</td><td>5/30/25</td><td>1 - One</td><td>2 - Two</td></tr></table><p class="totop"><a href="#summary">back to summary</a></p>
<h3 id="m8">com.adactin.testcases.BookedItineraryPageTest#verifySearchHotel</h3><table class="result"><tr><th class="invisible"/></tr></table><p class="totop"><a href="#summary">back to summary</a></p>
<h3 id="m9">com.adactin.testcases.BookingConfirmationPageTest#verifyverifyBookingConfirmationPageTest</h3><table class="result"><tr><th class="invisible"/></tr></table><p class="totop"><a href="#summary">back to summary</a></p>
<h3 id="m10">com.adactin.testcases.LoginPageTest#verifyForgotPassword</h3><table class="result"><tr><th class="invisible"/></tr></table><p class="totop"><a href="#summary">back to summary</a></p>
<h3 id="m11">com.adactin.testcases.LoginPageTest#verifyLoginFunctionality</h3><table class="result"><tr class="param"><th>Parameter #1</th><th>Parameter #2</th></tr><tr class="param stripe"><td>JayanthiSaraPeru</td><td>JayanthiSaraPeru@123</td></tr></table><p class="totop"><a href="#summary">back to summary</a></p>
<h3 id="m12">com.adactin.testcases.LoginPageTest#verifyLogoTest</h3><table class="result"><tr><th class="invisible"/></tr></table><p class="totop"><a href="#summary">back to summary</a></p>
<h3 id="m13">com.adactin.testcases.LoginPageTest#verifyNewUserRegisterHereLink</h3><table class="result"><tr><th class="invisible"/></tr></table><p class="totop"><a href="#summary">back to summary</a></p>
<h3 id="m14">com.adactin.testcases.LoginPageTest#verifyTitleTest</h3><table class="result"><tr><th class="invisible"/></tr></table><p class="totop"><a href="#summary">back to summary</a></p>
<h3 id="m15">com.adactin.testcases.SearchHotelPageTest#verifyBookedItineraryLink</h3><table class="result"><tr><th class="invisible"/></tr></table><p class="totop"><a href="#summary">back to summary</a></p>
<h3 id="m16">com.adactin.testcases.SearchHotelPageTest#verifyChangePasswordLink</h3><table class="result"><tr><th class="invisible"/></tr></table><p class="totop"><a href="#summary">back to summary</a></p>
<h3 id="m17">com.adactin.testcases.SearchHotelPageTest#verifyDisplayOfSearchHotelPage</h3><table class="result"><tr><th class="invisible"/></tr></table><p class="totop"><a href="#summary">back to summary</a></p>
<h3 id="m18">com.adactin.testcases.SearchHotelPageTest#verifyFunctionalityOfSearchHotelPage</h3><table class="result"><tr class="param"><th>Parameter #1</th><th>Parameter #2</th><th>Parameter #3</th><th>Parameter #4</th><th>Parameter #5</th><th>Parameter #6</th><th>Parameter #7</th><th>Parameter #8</th></tr><tr class="param stripe"><td>Sydney</td><td>Hotel Creek</td><td>Standard</td><td>1 - One</td><td>5/29/25</td><td>5/30/25</td><td>1 - One</td><td>2 - Two</td></tr></table><p class="totop"><a href="#summary">back to summary</a></p>
<h3 id="m19">com.adactin.testcases.SearchHotelPageTest#verifyListOffieldDislayedTestdataTest</h3><table class="result"><tr><th class="invisible"/></tr></table><p class="totop"><a href="#summary">back to summary</a></p>
<h3 id="m20">com.adactin.testcases.SearchHotelPageTest#verifyLogoutLink</h3><table class="result"><tr><th class="invisible"/></tr></table><p class="totop"><a href="#summary">back to summary</a></p>
<h3 id="m21">com.adactin.testcases.SearchHotelPageTest#verifySearchHotelPageTitle</h3><table class="result"><tr><th class="invisible"/></tr></table><p class="totop"><a href="#summary">back to summary</a></p>
<h3 id="m22">com.adactin.testcases.SelectHotelPageTest#verifySelectHotelDetails</h3><table class="result"><tr class="param"><th>Parameter #1</th><th>Parameter #2</th><th>Parameter #3</th><th>Parameter #4</th><th>Parameter #5</th><th>Parameter #6</th><th>Parameter #7</th><th>Parameter #8</th></tr><tr class="param stripe"><td>Sydney</td><td>Hotel Creek</td><td>Standard</td><td>1 - One</td><td>5/29/25</td><td>5/30/25</td><td>1 - One</td><td>2 - Two</td></tr></table><p class="totop"><a href="#summary">back to summary</a></p>
<h3 id="m23">com.adactin.testcases.SelectHotelPageTest#verifyTitle</h3><table class="result"><tr class="param"><th>Parameter #1</th><th>Parameter #2</th><th>Parameter #3</th><th>Parameter #4</th><th>Parameter #5</th><th>Parameter #6</th><th>Parameter #7</th><th>Parameter #8</th></tr><tr class="param stripe"><td>Sydney</td><td>Hotel Creek</td><td>Standard</td><td>1 - One</td><td>5/29/25</td><td>5/30/25</td><td>1 - One</td><td>2 - Two</td></tr></table><p class="totop"><a href="#summary">back to summary</a></p>
<h3 id="m24">com.adactin.testcases.SelectHotelPageTest#verifyTotalPriceTest</h3><table class="result"><tr class="param"><th>Parameter #1</th><th>Parameter #2</th><th>Parameter #3</th><th>Parameter #4</th><th>Parameter #5</th><th>Parameter #6</th><th>Parameter #7</th><th>Parameter #8</th></tr><tr class="param stripe"><td>Sydney</td><td>Hotel Creek</td><td>Standard</td><td>1 - One</td><td>5/29/25</td><td>5/30/25</td><td>1 - One</td><td>2 - Two</td></tr></table><p class="totop"><a href="#summary">back to summary</a></p>
</body>
</html>
